<?xml version="1.0" encoding="UTF-8"?>
<testsuite name="AnimalsTest" tests="1" skipped="0" failures="0" errors="0" timestamp="2021-06-16T19:10:04" hostname="moringa-ThinkPad-X250" time="0.221">
  <properties/>
  <testcase name="testInstanceOfAnimalsClass_true" classname="AnimalsTest" time="0.221"/>
  <system-out><![CDATA[]]></system-out>
  <system-err><![CDATA[]]></system-err>
</testsuite>
